<?xml version="1.0" encoding="UTF-8"?>
<!-- Generated by org.testng.reporters.JUnitReportReporter -->
<testsuite hostname="INBAWN167083" failures="0" tests="1" name="testcases.DragDropDemo" time="6.610" errors="0" timestamp="2025-01-20T13:05:32 IST" skipped="0">
  <testcase classname="testcases.DragDropDemo" name="dragDropGestures" time="6.610"/>
</testsuite> <!-- testcases.DragDropDemo -->
