<?xml version="1.0" encoding="UTF-8"?>
<!-- Generated by org.testng.reporters.JUnitReportReporter -->
<testsuite hostname="INBAWN167083" failures="0" tests="1" name="testcases.ScrollGestures" time="24.944" errors="0" timestamp="2025-01-18T20:36:56 IST" skipped="0">
  <testcase classname="testcases.ScrollGestures" name="longPressGestures" time="24.944"/>
</testsuite> <!-- testcases.ScrollGestures -->
